<?xml version="1.0" encoding="UTF-8"?>
<testng-results ignored="0" total="1" passed="1" failed="0" skipped="0">
  <reporter-output>
  </reporter-output>
  <suite started-at="2024-08-28T11:24:22 IST" name="Default suite" finished-at="2024-08-28T11:24:25 IST" duration-ms="3303">
    <groups>
    </groups>
    <test started-at="2024-08-28T11:24:22 IST" name="Default test" finished-at="2024-08-28T11:24:25 IST" duration-ms="3303">
      <class name="noontestcases.Saucedemo_login">
        <test-method is-config="true" signature="testlogin()[pri:0, instance:noontestcases.Saucedemo_login@470734c3]" started-at="2024-08-28T11:24:22 IST" name="testlogin" finished-at="2024-08-28T11:24:24 IST" duration-ms="2470" status="PASS">
          <reporter-output>
          </reporter-output>
        </test-method> <!-- testlogin -->
        <test-method signature="testvalidlogin()[pri:1, instance:noontestcases.Saucedemo_login@470734c3]" started-at="2024-08-28T11:24:24 IST" name="testvalidlogin" finished-at="2024-08-28T11:24:25 IST" duration-ms="786" status="PASS">
          <reporter-output>
          </reporter-output>
        </test-method> <!-- testvalidlogin -->
      </class> <!-- noontestcases.Saucedemo_login -->
    </test> <!-- Default test -->
  </suite> <!-- Default suite -->
</testng-results>
